<?xml version="1.0" encoding="UTF-8"?>
<beans xmlns="http://www.springframework.org/schema/beans"
	xmlns:xsi="http://www.w3.org/2001/XMLSchema-instance" xmlns:mvc="http://www.springframework.org/schema/mvc"
	xmlns:context="http://www.springframework.org/schema/context" xmlns:tx="http://www.springframework.org/schema/tx"
	xmlns:aop="http://www.springframework.org/schema/aop"
	xsi:schemaLocation="http://www.springframework.org/schema/mvc http://www.springframework.org/schema/mvc/spring-mvc-4.1.xsd http://www.springframework.org/schema/beans http://www.springframework.org/schema/beans/spring-beans-4.0.xsd
                            http://www.springframework.org/schema/context http://www.springframework.org/schema/context/spring-context-4.0.xsd
                            http://www.springframework.org/schema/aop http://www.springframework.org/schema/aop/spring-aop-4.0.xsd
                            http://www.springframework.org/schema/tx  http://www.springframework.org/schema/tx/spring-tx-4.0.xsd">


	<mvc:annotation-driven />
	<context:component-scan base-package="com.infiniteskills.mvc.controllers" />
	<context:component-scan base-package="com.infiniteskills.mvc.daoImpl" />
	<context:component-scan base-package="com.infiniteskills.mvc.serviceImpl" />
	<context:component-scan base-package="com.infiniteskills.aopAspects" />


	<!-- Enable AspectJ style of Spring AOP Add aop:aspectj-autoproxy element 
		to enable Spring AspectJ support with auto proxy at runtime <aop:aspectj-autoproxy></aop:aspectj-autoproxy> 
		Configure Aspect classes as other Spring beans <bean name="aopAspectsBean" 
		class="com.infiniteskills.aopAspects.LoggingAspect" /> -->
		
		
	<bean id="viewResolver"
		class="org.springframework.web.servlet.view.InternalResourceViewResolver">
		<property name="prefix" value="/WEB-INF/views/" />
		<property name="suffix" value=".jsp" />
	</bean>

	<mvc:resources location="/resources/" mapping="/resources/**" />

	<bean id="dataSource"
		class="org.springframework.jdbc.datasource.DriverManagerDataSource">
		<property name="driverClassName" value="com.mysql.jdbc.Driver" />
		<property name="url" value="jdbc:mysql://localhost:3306/Chinook" />
		<property name="username" value="root" />
		<property name="password" value="12345" />
	</bean>

	<bean id="sessionFactory"
		class="org.springframework.orm.hibernate4.LocalSessionFactoryBean">
		<property name="dataSource" ref="dataSource" />
		<property name="packagesToScan">
			<list>
				<value>com.infiniteskills.mvc.model</value>
			</list>
		</property>
		<property name="hibernateProperties">
			<props>
				<prop key="hibernate.dialect">org.hibernate.dialect.MySQLDialect</prop>
				<prop key="hibernate.hbm2ddl.auto">none</prop>
				<prop key="hibernate.connection.release_mode">auto</prop>
				<prop key="hibernate.show_sql">true</prop>
				<prop key="hibernate.generate_statistics">true</prop>
				<prop key="hibernate.jdbc.use_scrollable_resultset">true</prop>
				<!-- <prop key="hibernate.jdbc.batch_size">${hibernate.batchSize}</prop> -->
				<prop key="hibernate.cache.region_prefix">hibernate.cache</prop>
				<prop key="hibernate.cache.use_query_cache">false</prop>
				<prop key="hibernate.cache.use_second_level_cache">false</prop>
			</props>
		</property>
	</bean>

	<bean id="transactionManager"
		class="org.springframework.orm.hibernate4.HibernateTransactionManager">
		<property name="sessionFactory" ref="sessionFactory" />
	</bean>


	<tx:annotation-driven />

	<bean id="persistenceExceptionTranslationPostProcessor"
		class="org.springframework.dao.annotation.PersistenceExceptionTranslationPostProcessor" />

</beans>

